2020-03-20 00:02:08 [main] INFO  org.datacenter.WangApplication - Starting WangApplication on DESKTOP-JOIIDRH with PID 10180 (D:\wang\target\classes started by xiong in D:\wang)
2020-03-20 00:02:08 [main] INFO  org.datacenter.WangApplication - The following profiles are active: pro
2020-03-20 00:02:08 [main] INFO  o.s.d.r.config.RepositoryConfigurationDelegate - Multiple Spring Data modules found, entering strict repository configuration mode!
2020-03-20 00:02:08 [main] INFO  o.s.d.r.config.RepositoryConfigurationDelegate - Bootstrapping Spring Data Redis repositories in DEFAULT mode.
2020-03-20 00:02:08 [main] INFO  o.s.d.r.config.RepositoryConfigurationDelegate - Finished Spring Data repository scanning in 12ms. Found 0 Redis repository interfaces.
2020-03-20 00:02:08 [main] INFO  o.s.c.s.PostProcessorRegistrationDelegate$BeanPostProcessorChecker - Bean 'com.alibaba.druid.spring.boot.autoconfigure.stat.DruidSpringAopConfiguration' of type [com.alibaba.druid.spring.boot.autoconfigure.stat.DruidSpringAopConfiguration] is not eligible for getting processed by all BeanPostProcessors (for example: not eligible for auto-proxying)
2020-03-20 00:02:08 [main] INFO  o.s.c.s.PostProcessorRegistrationDelegate$BeanPostProcessorChecker - Bean 'spring.datasource.druid-com.alibaba.druid.spring.boot.autoconfigure.properties.DruidStatProperties' of type [com.alibaba.druid.spring.boot.autoconfigure.properties.DruidStatProperties] is not eligible for getting processed by all BeanPostProcessors (for example: not eligible for auto-proxying)
2020-03-20 00:02:08 [main] INFO  o.s.c.s.PostProcessorRegistrationDelegate$BeanPostProcessorChecker - Bean 'advisor' of type [org.springframework.aop.support.RegexpMethodPointcutAdvisor] is not eligible for getting processed by all BeanPostProcessors (for example: not eligible for auto-proxying)
2020-03-20 00:02:08 [main] INFO  o.s.boot.web.embedded.tomcat.TomcatWebServer - Tomcat initialized with port(s): 9001 (http)
2020-03-20 00:02:08 [main] INFO  org.apache.coyote.http11.Http11NioProtocol - Initializing ProtocolHandler ["http-nio-9001"]
2020-03-20 00:02:08 [main] INFO  org.apache.catalina.core.StandardService - Starting service [Tomcat]
2020-03-20 00:02:08 [main] INFO  org.apache.catalina.core.StandardEngine - Starting Servlet engine: [Apache Tomcat/9.0.31]
2020-03-20 00:02:08 [main] INFO  org.apache.catalina.core.AprLifecycleListener - An older version [1.2.21] of the APR based Apache Tomcat Native library is installed, while Tomcat recommends a minimum version of [1.2.23]
2020-03-20 00:02:08 [main] INFO  org.apache.catalina.core.AprLifecycleListener - Loaded APR based Apache Tomcat Native library [1.2.21] using APR version [1.6.5].
2020-03-20 00:02:08 [main] INFO  org.apache.catalina.core.AprLifecycleListener - APR capabilities: IPv6 [true], sendfile [true], accept filters [false], random [true].
2020-03-20 00:02:08 [main] INFO  org.apache.catalina.core.AprLifecycleListener - APR/OpenSSL configuration: useAprConnector [false], useOpenSSL [true]
2020-03-20 00:02:08 [main] INFO  org.apache.catalina.core.AprLifecycleListener - OpenSSL successfully initialized [OpenSSL 1.1.1a  20 Nov 2018]
2020-03-20 00:02:08 [main] INFO  o.a.c.core.ContainerBase.[Tomcat].[localhost].[/] - Initializing Spring embedded WebApplicationContext
2020-03-20 00:02:08 [main] INFO  org.springframework.web.context.ContextLoader - Root WebApplicationContext: initialization completed in 805 ms
2020-03-20 00:02:08 [main] INFO  c.a.d.s.b.a.DruidDataSourceAutoConfigure - Init DruidDataSource
2020-03-20 00:02:09 [main] INFO  com.alibaba.druid.pool.DruidDataSource - {dataSource-1} inited
2020-03-20 00:02:09 [main] INFO  o.s.security.web.DefaultSecurityFilterChain - Creating filter chain: Ant [pattern='/js/**'], []
2020-03-20 00:02:09 [main] INFO  o.s.security.web.DefaultSecurityFilterChain - Creating filter chain: Ant [pattern='/css/**'], []
2020-03-20 00:02:09 [main] INFO  o.s.security.web.DefaultSecurityFilterChain - Creating filter chain: Ant [pattern='/images/**'], []
2020-03-20 00:02:09 [main] INFO  o.s.security.web.DefaultSecurityFilterChain - Creating filter chain: Ant [pattern='/bootstrap/**'], []
2020-03-20 00:02:09 [main] INFO  o.s.security.web.DefaultSecurityFilterChain - Creating filter chain: Ant [pattern='/fonts/**'], []
2020-03-20 00:02:09 [main] INFO  o.s.security.web.DefaultSecurityFilterChain - Creating filter chain: any request, [org.springframework.security.web.context.request.async.WebAsyncManagerIntegrationFilter@21a6a494, org.springframework.security.web.context.SecurityContextPersistenceFilter@53f7a906, org.springframework.security.web.header.HeaderWriterFilter@b3fc6d8, org.springframework.security.web.authentication.logout.LogoutFilter@26d40c77, org.springframework.security.web.authentication.UsernamePasswordAuthenticationFilter@3e2d44f3, org.springframework.security.web.session.ConcurrentSessionFilter@38bc5ac0, org.springframework.security.web.authentication.www.BasicAuthenticationFilter@2d74cbbd, org.springframework.security.web.savedrequest.RequestCacheAwareFilter@8b670c0, org.springframework.security.web.servletapi.SecurityContextHolderAwareRequestFilter@4586a8aa, org.springframework.security.web.authentication.rememberme.RememberMeAuthenticationFilter@75839695, org.springframework.security.web.authentication.AnonymousAuthenticationFilter@794c5f5e, org.springframework.security.web.session.SessionManagementFilter@5ed31735, org.springframework.security.web.access.ExceptionTranslationFilter@349f0ca4, org.springframework.security.web.access.intercept.FilterSecurityInterceptor@1552da16]
2020-03-20 00:02:09 [main] INFO  o.s.scheduling.concurrent.ThreadPoolTaskExecutor - Initializing ExecutorService 'applicationTaskExecutor'
2020-03-20 00:02:09 [main] WARN  org.thymeleaf.templatemode.TemplateMode - [THYMELEAF][main] Template Mode 'HTML5' is deprecated. Using Template Mode 'HTML' instead.
2020-03-20 00:02:09 [main] INFO  org.apache.coyote.http11.Http11NioProtocol - Starting ProtocolHandler ["http-nio-9001"]
2020-03-20 00:02:09 [main] INFO  o.s.boot.web.embedded.tomcat.TomcatWebServer - Tomcat started on port(s): 9001 (http) with context path ''
2020-03-20 00:02:09 [main] INFO  org.datacenter.WangApplication - Started WangApplication in 2.223 seconds (JVM running for 2.763)
2020-03-20 00:02:15 [http-nio-9001-exec-2] INFO  o.a.c.core.ContainerBase.[Tomcat].[localhost].[/] - Initializing Spring DispatcherServlet 'dispatcherServlet'
2020-03-20 00:02:15 [http-nio-9001-exec-2] INFO  org.springframework.web.servlet.DispatcherServlet - Initializing Servlet 'dispatcherServlet'
2020-03-20 00:02:15 [http-nio-9001-exec-2] INFO  org.springframework.web.servlet.DispatcherServlet - Completed initialization in 5 ms
2020-03-20 00:02:16 [http-nio-9001-exec-4] WARN  org.apache.catalina.util.SessionIdGeneratorBase - Creation of SecureRandom instance for session ID generation using [SHA1PRNG] took [238] milliseconds.
2020-03-20 00:02:16 [http-nio-9001-exec-5] WARN  org.apache.catalina.util.SessionIdGeneratorBase - Creation of SecureRandom instance for session ID generation using [SHA1PRNG] took [238] milliseconds.
2020-03-20 00:02:16 [http-nio-9001-exec-7] WARN  org.apache.catalina.util.SessionIdGeneratorBase - Creation of SecureRandom instance for session ID generation using [SHA1PRNG] took [201] milliseconds.
2020-03-20 00:02:16 [http-nio-9001-exec-6] WARN  org.apache.catalina.util.SessionIdGeneratorBase - Creation of SecureRandom instance for session ID generation using [SHA1PRNG] took [238] milliseconds.
2020-03-20 00:02:52 [RMI TCP Connection(2)-127.0.0.1] INFO  o.s.b.a.SpringApplicationAdminMXBeanRegistrar$SpringApplicationAdmin - Application shutdown requested.
2020-03-20 00:02:52 [RMI TCP Connection(2)-127.0.0.1] INFO  o.s.scheduling.concurrent.ThreadPoolTaskExecutor - Shutting down ExecutorService 'applicationTaskExecutor'
2020-03-20 00:02:52 [RMI TCP Connection(2)-127.0.0.1] INFO  com.alibaba.druid.pool.DruidDataSource - {dataSource-1} closing ...
2020-03-20 00:02:52 [RMI TCP Connection(2)-127.0.0.1] INFO  com.alibaba.druid.pool.DruidDataSource - {dataSource-1} closed
2020-03-20 00:02:55 [main] INFO  org.datacenter.WangApplication - Starting WangApplication on DESKTOP-JOIIDRH with PID 12128 (D:\wang\target\classes started by xiong in D:\wang)
2020-03-20 00:02:55 [main] INFO  org.datacenter.WangApplication - The following profiles are active: pro
2020-03-20 00:02:56 [main] INFO  o.s.d.r.config.RepositoryConfigurationDelegate - Multiple Spring Data modules found, entering strict repository configuration mode!
2020-03-20 00:02:56 [main] INFO  o.s.d.r.config.RepositoryConfigurationDelegate - Bootstrapping Spring Data Redis repositories in DEFAULT mode.
2020-03-20 00:02:56 [main] INFO  o.s.d.r.config.RepositoryConfigurationDelegate - Finished Spring Data repository scanning in 11ms. Found 0 Redis repository interfaces.
2020-03-20 00:02:56 [main] INFO  o.s.c.s.PostProcessorRegistrationDelegate$BeanPostProcessorChecker - Bean 'com.alibaba.druid.spring.boot.autoconfigure.stat.DruidSpringAopConfiguration' of type [com.alibaba.druid.spring.boot.autoconfigure.stat.DruidSpringAopConfiguration] is not eligible for getting processed by all BeanPostProcessors (for example: not eligible for auto-proxying)
2020-03-20 00:02:56 [main] INFO  o.s.c.s.PostProcessorRegistrationDelegate$BeanPostProcessorChecker - Bean 'spring.datasource.druid-com.alibaba.druid.spring.boot.autoconfigure.properties.DruidStatProperties' of type [com.alibaba.druid.spring.boot.autoconfigure.properties.DruidStatProperties] is not eligible for getting processed by all BeanPostProcessors (for example: not eligible for auto-proxying)
2020-03-20 00:02:56 [main] INFO  o.s.c.s.PostProcessorRegistrationDelegate$BeanPostProcessorChecker - Bean 'advisor' of type [org.springframework.aop.support.RegexpMethodPointcutAdvisor] is not eligible for getting processed by all BeanPostProcessors (for example: not eligible for auto-proxying)
2020-03-20 00:02:56 [main] INFO  o.s.boot.web.embedded.tomcat.TomcatWebServer - Tomcat initialized with port(s): 9001 (http)
2020-03-20 00:02:56 [main] INFO  org.apache.coyote.http11.Http11NioProtocol - Initializing ProtocolHandler ["http-nio-9001"]
2020-03-20 00:02:56 [main] INFO  org.apache.catalina.core.StandardService - Starting service [Tomcat]
2020-03-20 00:02:56 [main] INFO  org.apache.catalina.core.StandardEngine - Starting Servlet engine: [Apache Tomcat/9.0.31]
2020-03-20 00:02:56 [main] INFO  org.apache.catalina.core.AprLifecycleListener - An older version [1.2.21] of the APR based Apache Tomcat Native library is installed, while Tomcat recommends a minimum version of [1.2.23]
2020-03-20 00:02:56 [main] INFO  org.apache.catalina.core.AprLifecycleListener - Loaded APR based Apache Tomcat Native library [1.2.21] using APR version [1.6.5].
2020-03-20 00:02:56 [main] INFO  org.apache.catalina.core.AprLifecycleListener - APR capabilities: IPv6 [true], sendfile [true], accept filters [false], random [true].
2020-03-20 00:02:56 [main] INFO  org.apache.catalina.core.AprLifecycleListener - APR/OpenSSL configuration: useAprConnector [false], useOpenSSL [true]
2020-03-20 00:02:56 [main] INFO  org.apache.catalina.core.AprLifecycleListener - OpenSSL successfully initialized [OpenSSL 1.1.1a  20 Nov 2018]
2020-03-20 00:02:56 [main] INFO  o.a.c.core.ContainerBase.[Tomcat].[localhost].[/] - Initializing Spring embedded WebApplicationContext
2020-03-20 00:02:56 [main] INFO  org.springframework.web.context.ContextLoader - Root WebApplicationContext: initialization completed in 858 ms
2020-03-20 00:02:56 [main] INFO  c.a.d.s.b.a.DruidDataSourceAutoConfigure - Init DruidDataSource
2020-03-20 00:02:57 [main] INFO  com.alibaba.druid.pool.DruidDataSource - {dataSource-1} inited
2020-03-20 00:02:57 [main] INFO  o.s.security.web.DefaultSecurityFilterChain - Creating filter chain: Ant [pattern='/js/**'], []
2020-03-20 00:02:57 [main] INFO  o.s.security.web.DefaultSecurityFilterChain - Creating filter chain: Ant [pattern='/css/**'], []
2020-03-20 00:02:57 [main] INFO  o.s.security.web.DefaultSecurityFilterChain - Creating filter chain: Ant [pattern='/images/**'], []
2020-03-20 00:02:57 [main] INFO  o.s.security.web.DefaultSecurityFilterChain - Creating filter chain: Ant [pattern='/bootstrap/**'], []
2020-03-20 00:02:57 [main] INFO  o.s.security.web.DefaultSecurityFilterChain - Creating filter chain: Ant [pattern='/fonts/**'], []
2020-03-20 00:02:57 [main] INFO  o.s.security.web.DefaultSecurityFilterChain - Creating filter chain: any request, [org.springframework.security.web.context.request.async.WebAsyncManagerIntegrationFilter@4ca970d5, org.springframework.security.web.context.SecurityContextPersistenceFilter@631944d4, org.springframework.security.web.header.HeaderWriterFilter@1b8d20e6, org.springframework.security.web.authentication.logout.LogoutFilter@37d3aa8c, org.springframework.security.web.authentication.UsernamePasswordAuthenticationFilter@fd87c22, org.springframework.security.web.session.ConcurrentSessionFilter@2ffa91dc, org.springframework.security.web.authentication.www.BasicAuthenticationFilter@3b33fff9, org.springframework.security.web.savedrequest.RequestCacheAwareFilter@60ae7cf2, org.springframework.security.web.servletapi.SecurityContextHolderAwareRequestFilter@279c4e3b, org.springframework.security.web.authentication.rememberme.RememberMeAuthenticationFilter@1acc873b, org.springframework.security.web.authentication.AnonymousAuthenticationFilter@dc8b2ff, org.springframework.security.web.session.SessionManagementFilter@7645b7d, org.springframework.security.web.access.ExceptionTranslationFilter@1a43a88e, org.springframework.security.web.access.intercept.FilterSecurityInterceptor@760a2b6e]
2020-03-20 00:02:57 [main] INFO  o.s.scheduling.concurrent.ThreadPoolTaskExecutor - Initializing ExecutorService 'applicationTaskExecutor'
2020-03-20 00:02:57 [main] WARN  org.thymeleaf.templatemode.TemplateMode - [THYMELEAF][main] Template Mode 'HTML5' is deprecated. Using Template Mode 'HTML' instead.
2020-03-20 00:02:57 [main] INFO  org.apache.coyote.http11.Http11NioProtocol - Starting ProtocolHandler ["http-nio-9001"]
2020-03-20 00:02:58 [main] INFO  o.s.boot.web.embedded.tomcat.TomcatWebServer - Tomcat started on port(s): 9001 (http) with context path ''
2020-03-20 00:02:58 [main] INFO  org.datacenter.WangApplication - Started WangApplication in 2.378 seconds (JVM running for 2.951)
2020-03-20 00:03:11 [http-nio-9001-exec-3] INFO  o.a.c.core.ContainerBase.[Tomcat].[localhost].[/] - Initializing Spring DispatcherServlet 'dispatcherServlet'
2020-03-20 00:03:11 [http-nio-9001-exec-3] INFO  org.springframework.web.servlet.DispatcherServlet - Initializing Servlet 'dispatcherServlet'
2020-03-20 00:03:11 [http-nio-9001-exec-3] INFO  org.springframework.web.servlet.DispatcherServlet - Completed initialization in 6 ms
2020-03-20 00:03:12 [http-nio-9001-exec-2] WARN  org.apache.catalina.util.SessionIdGeneratorBase - Creation of SecureRandom instance for session ID generation using [SHA1PRNG] took [242] milliseconds.
2020-03-20 00:03:12 [http-nio-9001-exec-1] WARN  org.apache.catalina.util.SessionIdGeneratorBase - Creation of SecureRandom instance for session ID generation using [SHA1PRNG] took [184] milliseconds.
2020-03-20 00:03:12 [http-nio-9001-exec-5] WARN  org.apache.catalina.util.SessionIdGeneratorBase - Creation of SecureRandom instance for session ID generation using [SHA1PRNG] took [242] milliseconds.
2020-03-20 00:03:12 [http-nio-9001-exec-4] WARN  org.apache.catalina.util.SessionIdGeneratorBase - Creation of SecureRandom instance for session ID generation using [SHA1PRNG] took [240] milliseconds.
2020-03-20 00:10:02 [main] INFO  org.datacenter.WangApplication - Starting WangApplication on DESKTOP-JOIIDRH with PID 10296 (D:\wang\target\classes started by xiong in D:\wang)
2020-03-20 00:10:02 [main] INFO  org.datacenter.WangApplication - The following profiles are active: pro
2020-03-20 00:10:03 [main] INFO  o.s.d.r.config.RepositoryConfigurationDelegate - Multiple Spring Data modules found, entering strict repository configuration mode!
2020-03-20 00:10:03 [main] INFO  o.s.d.r.config.RepositoryConfigurationDelegate - Bootstrapping Spring Data Redis repositories in DEFAULT mode.
2020-03-20 00:10:03 [main] INFO  o.s.d.r.config.RepositoryConfigurationDelegate - Finished Spring Data repository scanning in 13ms. Found 0 Redis repository interfaces.
2020-03-20 00:10:03 [main] INFO  o.s.c.s.PostProcessorRegistrationDelegate$BeanPostProcessorChecker - Bean 'com.alibaba.druid.spring.boot.autoconfigure.stat.DruidSpringAopConfiguration' of type [com.alibaba.druid.spring.boot.autoconfigure.stat.DruidSpringAopConfiguration] is not eligible for getting processed by all BeanPostProcessors (for example: not eligible for auto-proxying)
2020-03-20 00:10:03 [main] INFO  o.s.c.s.PostProcessorRegistrationDelegate$BeanPostProcessorChecker - Bean 'spring.datasource.druid-com.alibaba.druid.spring.boot.autoconfigure.properties.DruidStatProperties' of type [com.alibaba.druid.spring.boot.autoconfigure.properties.DruidStatProperties] is not eligible for getting processed by all BeanPostProcessors (for example: not eligible for auto-proxying)
2020-03-20 00:10:03 [main] INFO  o.s.c.s.PostProcessorRegistrationDelegate$BeanPostProcessorChecker - Bean 'advisor' of type [org.springframework.aop.support.RegexpMethodPointcutAdvisor] is not eligible for getting processed by all BeanPostProcessors (for example: not eligible for auto-proxying)
2020-03-20 00:10:03 [main] INFO  o.s.boot.web.embedded.tomcat.TomcatWebServer - Tomcat initialized with port(s): 9001 (http)
2020-03-20 00:10:03 [main] INFO  org.apache.coyote.http11.Http11NioProtocol - Initializing ProtocolHandler ["http-nio-9001"]
2020-03-20 00:10:03 [main] INFO  org.apache.catalina.core.StandardService - Starting service [Tomcat]
2020-03-20 00:10:03 [main] INFO  org.apache.catalina.core.StandardEngine - Starting Servlet engine: [Apache Tomcat/9.0.31]
2020-03-20 00:10:03 [main] INFO  org.apache.catalina.core.AprLifecycleListener - An older version [1.2.21] of the APR based Apache Tomcat Native library is installed, while Tomcat recommends a minimum version of [1.2.23]
2020-03-20 00:10:03 [main] INFO  org.apache.catalina.core.AprLifecycleListener - Loaded APR based Apache Tomcat Native library [1.2.21] using APR version [1.6.5].
2020-03-20 00:10:03 [main] INFO  org.apache.catalina.core.AprLifecycleListener - APR capabilities: IPv6 [true], sendfile [true], accept filters [false], random [true].
2020-03-20 00:10:03 [main] INFO  org.apache.catalina.core.AprLifecycleListener - APR/OpenSSL configuration: useAprConnector [false], useOpenSSL [true]
2020-03-20 00:10:03 [main] INFO  org.apache.catalina.core.AprLifecycleListener - OpenSSL successfully initialized [OpenSSL 1.1.1a  20 Nov 2018]
2020-03-20 00:10:03 [main] INFO  o.a.c.core.ContainerBase.[Tomcat].[localhost].[/] - Initializing Spring embedded WebApplicationContext
2020-03-20 00:10:03 [main] INFO  org.springframework.web.context.ContextLoader - Root WebApplicationContext: initialization completed in 917 ms
2020-03-20 00:10:03 [main] INFO  c.a.d.s.b.a.DruidDataSourceAutoConfigure - Init DruidDataSource
2020-03-20 00:10:04 [main] INFO  com.alibaba.druid.pool.DruidDataSource - {dataSource-1} inited
2020-03-20 00:10:04 [main] INFO  o.s.security.web.DefaultSecurityFilterChain - Creating filter chain: Ant [pattern='/js/**'], []
2020-03-20 00:10:04 [main] INFO  o.s.security.web.DefaultSecurityFilterChain - Creating filter chain: Ant [pattern='/css/**'], []
2020-03-20 00:10:04 [main] INFO  o.s.security.web.DefaultSecurityFilterChain - Creating filter chain: Ant [pattern='/images/**'], []
2020-03-20 00:10:04 [main] INFO  o.s.security.web.DefaultSecurityFilterChain - Creating filter chain: Ant [pattern='/bootstrap/**'], []
2020-03-20 00:10:04 [main] INFO  o.s.security.web.DefaultSecurityFilterChain - Creating filter chain: Ant [pattern='/fonts/**'], []
2020-03-20 00:10:04 [main] INFO  o.s.security.web.DefaultSecurityFilterChain - Creating filter chain: any request, [org.springframework.security.web.context.request.async.WebAsyncManagerIntegrationFilter@1308ef19, org.springframework.security.web.context.SecurityContextPersistenceFilter@bc8d68b, org.springframework.security.web.header.HeaderWriterFilter@3ea84e01, org.springframework.security.web.authentication.logout.LogoutFilter@500ec769, org.springframework.security.web.authentication.UsernamePasswordAuthenticationFilter@7769d9b6, org.springframework.security.web.session.ConcurrentSessionFilter@6de610c6, org.springframework.security.web.authentication.www.BasicAuthenticationFilter@3b9c9b8b, org.springframework.security.web.savedrequest.RequestCacheAwareFilter@3cf8a235, org.springframework.security.web.servletapi.SecurityContextHolderAwareRequestFilter@56478522, org.springframework.security.web.authentication.rememberme.RememberMeAuthenticationFilter@14201a90, org.springframework.security.web.authentication.AnonymousAuthenticationFilter@5b1ff8cd, org.springframework.security.web.session.SessionManagementFilter@3fd33f48, org.springframework.security.web.access.ExceptionTranslationFilter@7645b7d, org.springframework.security.web.access.intercept.FilterSecurityInterceptor@137a4b54]
2020-03-20 00:10:04 [main] INFO  o.s.scheduling.concurrent.ThreadPoolTaskExecutor - Initializing ExecutorService 'applicationTaskExecutor'
2020-03-20 00:10:04 [main] WARN  org.thymeleaf.templatemode.TemplateMode - [THYMELEAF][main] Template Mode 'HTML5' is deprecated. Using Template Mode 'HTML' instead.
2020-03-20 00:10:04 [main] INFO  org.apache.coyote.http11.Http11NioProtocol - Starting ProtocolHandler ["http-nio-9001"]
2020-03-20 00:10:05 [main] INFO  o.s.boot.web.embedded.tomcat.TomcatWebServer - Tomcat started on port(s): 9001 (http) with context path ''
2020-03-20 00:10:05 [main] INFO  org.datacenter.WangApplication - Started WangApplication in 2.494 seconds (JVM running for 3.187)
2020-03-20 00:10:08 [http-nio-9001-exec-1] INFO  o.a.c.core.ContainerBase.[Tomcat].[localhost].[/] - Initializing Spring DispatcherServlet 'dispatcherServlet'
2020-03-20 00:10:08 [http-nio-9001-exec-1] INFO  org.springframework.web.servlet.DispatcherServlet - Initializing Servlet 'dispatcherServlet'
2020-03-20 00:10:08 [http-nio-9001-exec-1] INFO  org.springframework.web.servlet.DispatcherServlet - Completed initialization in 7 ms
2020-03-20 00:10:14 [http-nio-9001-exec-3] WARN  org.apache.catalina.util.SessionIdGeneratorBase - Creation of SecureRandom instance for session ID generation using [SHA1PRNG] took [188] milliseconds.
